  Contour.cpp
  EdgeHolder.cpp
  MSDFErrorCorrection.cpp
  Projection.cpp
  Scanline.cpp
  Shape.cpp
  SignedDistance.cpp
  Vector2.cpp
  contour-combiners.cpp
  edge-coloring.cpp
  edge-segments.cpp
  edge-selectors.cpp
  equation-solver.cpp
  msdf-error-correction.cpp
  msdfgen.cpp
  rasterization.cpp
  render-sdf.cpp
  save-bmp.cpp
  save-tiff.cpp
  sdf-error-estimation.cpp
  shape-description.cpp
  import-font.cpp
  import-svg.cpp
  resolve-shape-geometry.cpp
  save-png.cpp
  lodepng.cpp
  tinyxml2.cpp
  msdfgen.vcxproj -> C:\Users\OKAY\Documents\Projects\github\Terran\TerranEngine\vendor\msdf-atlas-gen\msdfgen\bin\Debug-windows-x86_64\msdfgen.lib
